# JRE version: OpenJDK Runtime Environment (15.0.2+10) (build 15.0.2+10)
# Java VM: OpenJDK 64-Bit Server VM (15.0.2+10, mixed mode, sharing, tiered, compressed oops, g1 gc, windows-amd64)
GC Precious Log:
 CPUs: 4 total, 4 available
 Memory: 8066M
 Large Page Support: Disabled
 NUMA Support: Disabled
 Compressed Oops: Enabled (32-bit)
 Heap Region Size: 1M
 Heap Min Capacity: 8M
 Heap Initial Capacity: 128M
 Heap Max Capacity: 2G
 Pre-touch: Disabled
 Parallel Workers: 4
 Concurrent Workers: 1
 Concurrent Refinement Workers: 4
 Periodic GC: Disabled
Heap:
 garbage-first heap   total 86016K, used 32612K [0x0000000080000000, 0x0000000100000000)
  region size 1024K, 8 young (8192K), 4 survivors (4096K)
 Metaspace       used 32619K, capacity 33184K, committed 33456K, reserved 546816K
  class space    used 4366K, capacity 4530K, committed 4608K, reserved 516096K
GC Heap History (14 events):
Event: 1.099 GC heap before
{Heap before GC invocations=0 (full 0):
 garbage-first heap   total 131072K, used 13312K [0x0000000080000000, 0x0000000100000000)
  region size 1024K, 13 young (13312K), 0 survivors (0K)
 Metaspace       used 1117K, capacity 4857K, committed 5120K, reserved 524288K
  class space    used 90K, capacity 467K, committed 512K, reserved 516096K
}
Event: 1.117 GC heap after
{Heap after GC invocations=1 (full 0):
 garbage-first heap   total 131072K, used 3385K [0x0000000080000000, 0x0000000100000000)
  region size 1024K, 2 young (2048K), 2 survivors (2048K)
 Metaspace       used 1117K, capacity 4857K, committed 5120K, reserved 524288K
  class space    used 90K, capacity 467K, committed 512K, reserved 516096K
}
Event: 2.458 GC heap before
{Heap before GC invocations=1 (full 0):
 garbage-first heap   total 131072K, used 22841K [0x0000000080000000, 0x0000000100000000)
  region size 1024K, 17 young (17408K), 2 survivors (2048K)
 Metaspace       used 3526K, capacity 6160K, committed 6400K, reserved 524288K
  class space    used 429K, capacity 708K, committed 768K, reserved 516096K
}
Event: 2.466 GC heap after
{Heap after GC invocations=2 (full 0):
 garbage-first heap   total 131072K, used 10838K [0x0000000080000000, 0x0000000100000000)
  region size 1024K, 3 young (3072K), 3 survivors (3072K)
 Metaspace       used 3526K, capacity 6160K, committed 6400K, reserved 524288K
  class space    used 429K, capacity 708K, committed 768K, reserved 516096K
}
Event: 3.962 GC heap before
{Heap before GC invocations=2 (full 0):
 garbage-first heap   total 131072K, used 35414K [0x0000000080000000, 0x0000000100000000)
  region size 1024K, 27 young (27648K), 3 survivors (3072K)
 Metaspace       used 4413K, capacity 6739K, committed 7040K, reserved 524288K
  class space    used 526K, capacity 773K, committed 896K, reserved 516096K
}
Event: 3.968 GC heap after
{Heap after GC invocations=3 (full 0):
 garbage-first heap   total 131072K, used 11517K [0x0000000080000000, 0x0000000100000000)
  region size 1024K, 1 young (1024K), 1 survivors (1024K)
 Metaspace       used 4413K, capacity 6739K, committed 7040K, reserved 524288K
  class space    used 526K, capacity 773K, committed 896K, reserved 516096K
}
Event: 8.777 GC heap before
{Heap before GC invocations=3 (full 0):
 garbage-first heap   total 131072K, used 88317K [0x0000000080000000, 0x0000000100000000)
  region size 1024K, 76 young (77824K), 1 survivors (1024K)
 Metaspace       used 16309K, capacity 16711K, committed 16768K, reserved 530432K
  class space    used 2282K, capacity 2414K, committed 2432K, reserved 516096K
}
Event: 8.796 GC heap after
{Heap after GC invocations=4 (full 0):
 garbage-first heap   total 131072K, used 19740K [0x0000000080000000, 0x0000000100000000)
  region size 1024K, 9 young (9216K), 9 survivors (9216K)
 Metaspace       used 16309K, capacity 16711K, committed 16768K, reserved 530432K
  class space    used 2282K, capacity 2414K, committed 2432K, reserved 516096K
}
Event: 11.073 GC heap before
{Heap before GC invocations=4 (full 0):
 garbage-first heap   total 131072K, used 52508K [0x0000000080000000, 0x0000000100000000)
  region size 1024K, 42 young (43008K), 9 survivors (9216K)
 Metaspace       used 20819K, capacity 21166K, committed 21296K, reserved 534528K
  class space    used 2985K, capacity 3129K, committed 3200K, reserved 516096K
}
Event: 11.087 GC heap after
{Heap after GC invocations=5 (full 0):
 garbage-first heap   total 131072K, used 22077K [0x0000000080000000, 0x0000000100000000)
  region size 1024K, 3 young (3072K), 3 survivors (3072K)
 Metaspace       used 20819K, capacity 21166K, committed 21296K, reserved 534528K
  class space    used 2985K, capacity 3129K, committed 3200K, reserved 516096K
}
Event: 15.110 GC heap before
{Heap before GC invocations=6 (full 0):
 garbage-first heap   total 86016K, used 69181K [0x0000000080000000, 0x0000000100000000)
  region size 1024K, 50 young (51200K), 3 survivors (3072K)
 Metaspace       used 29659K, capacity 30164K, committed 30256K, reserved 542720K
  class space    used 4043K, capacity 4187K, committed 4224K, reserved 516096K
}
Event: 15.128 GC heap after
{Heap after GC invocations=7 (full 0):
 garbage-first heap   total 86016K, used 26454K [0x0000000080000000, 0x0000000100000000)
  region size 1024K, 7 young (7168K), 7 survivors (7168K)
 Metaspace       used 29659K, capacity 30164K, committed 30256K, reserved 542720K
  class space    used 4043K, capacity 4187K, committed 4224K, reserved 516096K
}
Event: 17.674 GC heap before
{Heap before GC invocations=7 (full 0):
 garbage-first heap   total 86016K, used 66390K [0x0000000080000000, 0x0000000100000000)
  region size 1024K, 44 young (45056K), 7 survivors (7168K)
 Metaspace       used 32554K, capacity 33112K, committed 33200K, reserved 544768K
  class space    used 4356K, capacity 4526K, committed 4608K, reserved 516096K
}
Event: 17.693 GC heap after
{Heap after GC invocations=8 (full 0):
 garbage-first heap   total 86016K, used 29540K [0x0000000080000000, 0x0000000100000000)
  region size 1024K, 4 young (4096K), 4 survivors (4096K)
 Metaspace       used 32554K, capacity 33112K, committed 33200K, reserved 544768K
  class space    used 4356K, capacity 4526K, committed 4608K, reserved 516096K
}

