# JRE version: OpenJDK Runtime Environment (15.0.2+10) (build 15.0.2+10)
# Java VM: OpenJDK 64-Bit Server VM (15.0.2+10, mixed mode, sharing, tiered, compressed oops, g1 gc, windows-amd64)
GC Precious Log:
 CPUs: 4 total, 4 available
 Memory: 8066M
 Large Page Support: Disabled
 NUMA Support: Disabled
 Compressed Oops: Enabled (32-bit)
 Heap Region Size: 1M
 Heap Min Capacity: 64M
 Heap Initial Capacity: 64M
 Heap Max Capacity: 64M
 Pre-touch: Disabled
 Parallel Workers: 4
 Concurrent Workers: 1
 Concurrent Refinement Workers: 4
 Periodic GC: Disabled
Heap:
 garbage-first heap   total 65536K, used 12772K [0x00000000fc000000, 0x0000000100000000)
  region size 1024K, 2 young (2048K), 2 survivors (2048K)
 Metaspace       used 9247K, capacity 9404K, committed 9472K, reserved 1064960K
  class space    used 1175K, capacity 1261K, committed 1280K, reserved 1048576K
GC Heap History (6 events):
Event: 2.130 GC heap before
{Heap before GC invocations=0 (full 0):
 garbage-first heap   total 65536K, used 12288K [0x00000000fc000000, 0x0000000100000000)
  region size 1024K, 13 young (13312K), 0 survivors (0K)
 Metaspace       used 1777K, capacity 4939K, committed 5120K, reserved 1056768K
  class space    used 159K, capacity 473K, committed 512K, reserved 1048576K
}
Event: 2.173 GC heap after
{Heap after GC invocations=1 (full 0):
 garbage-first heap   total 65536K, used 2940K [0x00000000fc000000, 0x0000000100000000)
  region size 1024K, 2 young (2048K), 2 survivors (2048K)
 Metaspace       used 1777K, capacity 4939K, committed 5120K, reserved 1056768K
  class space    used 159K, capacity 473K, committed 512K, reserved 1048576K
}
Event: 5.010 GC heap before
{Heap before GC invocations=1 (full 0):
 garbage-first heap   total 65536K, used 21372K [0x00000000fc000000, 0x0000000100000000)
  region size 1024K, 17 young (17408K), 2 survivors (2048K)
 Metaspace       used 4991K, capacity 7076K, committed 7296K, reserved 1056768K
  class space    used 655K, capacity 885K, committed 896K, reserved 1048576K
}
Event: 5.094 GC heap after
{Heap after GC invocations=2 (full 0):
 garbage-first heap   total 65536K, used 10986K [0x00000000fc000000, 0x0000000100000000)
  region size 1024K, 3 young (3072K), 3 survivors (3072K)
 Metaspace       used 4991K, capacity 7076K, committed 7296K, reserved 1056768K
  class space    used 655K, capacity 885K, committed 896K, reserved 1048576K
}
Event: 25.050 GC heap before
{Heap before GC invocations=2 (full 0):
 garbage-first heap   total 65536K, used 30442K [0x00000000fc000000, 0x0000000100000000)
  region size 1024K, 23 young (23552K), 3 survivors (3072K)
 Metaspace       used 9247K, capacity 9404K, committed 9472K, reserved 1062912K
  class space    used 1175K, capacity 1261K, committed 1280K, reserved 1048576K
}
Event: 25.060 GC heap after
{Heap after GC invocations=3 (full 0):
 garbage-first heap   total 65536K, used 12772K [0x00000000fc000000, 0x0000000100000000)
  region size 1024K, 2 young (2048K), 2 survivors (2048K)
 Metaspace       used 9247K, capacity 9404K, committed 9472K, reserved 1062912K
  class space    used 1175K, capacity 1261K, committed 1280K, reserved 1048576K
}

