# JRE version: OpenJDK Runtime Environment (15.0.2+10) (build 15.0.2+10)
# Java VM: OpenJDK 64-Bit Server VM (15.0.2+10, mixed mode, sharing, tiered, compressed oops, g1 gc, windows-amd64)
GC Precious Log:
 CPUs: 4 total, 4 available
 Memory: 8066M
 Large Page Support: Disabled
 NUMA Support: Disabled
 Compressed Oops: Enabled (32-bit)
 Heap Region Size: 1M
 Heap Min Capacity: 8M
 Heap Initial Capacity: 128M
 Heap Max Capacity: 2G
 Pre-touch: Disabled
 Parallel Workers: 4
 Concurrent Workers: 1
 Concurrent Refinement Workers: 4
 Periodic GC: Disabled
Heap:
 garbage-first heap   total 247808K, used 145193K [0x0000000080000000, 0x0000000100000000)
  region size 1024K, 13 young (13312K), 4 survivors (4096K)
 Metaspace       used 88037K, capacity 89992K, committed 90164K, reserved 593920K
  class space    used 11826K, capacity 12487K, committed 12492K, reserved 516096K
GC Heap History (20 events):
Event: 37.821 GC heap before
{Heap before GC invocations=30 (full 0):
 garbage-first heap   total 119808K, used 83729K [0x0000000080000000, 0x0000000100000000)
  region size 1024K, 18 young (18432K), 1 survivors (1024K)
 Metaspace       used 70474K, capacity 71568K, committed 71860K, reserved 579584K
  class space    used 9314K, capacity 9720K, committed 9804K, reserved 516096K
}
Event: 37.828 GC heap after
{Heap after GC invocations=31 (full 0):
 garbage-first heap   total 144384K, used 70995K [0x0000000080000000, 0x0000000100000000)
  region size 1024K, 3 young (3072K), 3 survivors (3072K)
 Metaspace       used 70474K, capacity 71568K, committed 71860K, reserved 579584K
  class space    used 9314K, capacity 9720K, committed 9804K, reserved 516096K
}
Event: 38.675 GC heap before
{Heap before GC invocations=32 (full 0):
 garbage-first heap   total 167936K, used 119123K [0x0000000080000000, 0x0000000100000000)
  region size 1024K, 43 young (44032K), 3 survivors (3072K)
 Metaspace       used 72491K, capacity 73589K, committed 73908K, reserved 581632K
  class space    used 9575K, capacity 9982K, committed 10060K, reserved 516096K
}
Event: 38.685 GC heap after
{Heap after GC invocations=33 (full 0):
 garbage-first heap   total 167936K, used 75015K [0x0000000080000000, 0x0000000100000000)
  region size 1024K, 6 young (6144K), 6 survivors (6144K)
 Metaspace       used 72491K, capacity 73589K, committed 73908K, reserved 581632K
  class space    used 9575K, capacity 9982K, committed 10060K, reserved 516096K
}
Event: 39.872 GC heap before
{Heap before GC invocations=33 (full 0):
 garbage-first heap   total 167936K, used 129287K [0x0000000080000000, 0x0000000100000000)
  region size 1024K, 59 young (60416K), 6 survivors (6144K)
 Metaspace       used 75727K, capacity 76904K, committed 77236K, reserved 583680K
  class space    used 10002K, capacity 10445K, committed 10572K, reserved 516096K
}
Event: 39.886 GC heap after
{Heap after GC invocations=34 (full 0):
 garbage-first heap   total 167936K, used 79152K [0x0000000080000000, 0x0000000100000000)
  region size 1024K, 8 young (8192K), 8 survivors (8192K)
 Metaspace       used 75727K, capacity 76904K, committed 77236K, reserved 583680K
  class space    used 10002K, capacity 10445K, committed 10572K, reserved 516096K
}
Event: 51.897 GC heap before
{Heap before GC invocations=34 (full 0):
 garbage-first heap   total 167936K, used 131376K [0x0000000080000000, 0x0000000100000000)
  region size 1024K, 59 young (60416K), 8 survivors (8192K)
 Metaspace       used 79954K, capacity 81037K, committed 81204K, reserved 587776K
  class space    used 10711K, capacity 11135K, committed 11212K, reserved 516096K
}
Event: 51.915 GC heap after
{Heap after GC invocations=35 (full 0):
 garbage-first heap   total 167936K, used 83337K [0x0000000080000000, 0x0000000100000000)
  region size 1024K, 8 young (8192K), 8 survivors (8192K)
 Metaspace       used 79954K, capacity 81037K, committed 81204K, reserved 587776K
  class space    used 10711K, capacity 11135K, committed 11212K, reserved 516096K
}
Event: 52.932 GC heap before
{Heap before GC invocations=35 (full 0):
 garbage-first heap   total 167936K, used 133513K [0x0000000080000000, 0x0000000100000000)
  region size 1024K, 57 young (58368K), 8 survivors (8192K)
 Metaspace       used 82949K, capacity 84295K, committed 84532K, reserved 589824K
  class space    used 11148K, capacity 11619K, committed 11724K, reserved 516096K
}
Event: 52.956 GC heap after
{Heap after GC invocations=36 (full 0):
 garbage-first heap   total 167936K, used 89186K [0x0000000080000000, 0x0000000100000000)
  region size 1024K, 6 young (6144K), 6 survivors (6144K)
 Metaspace       used 82949K, capacity 84295K, committed 84532K, reserved 589824K
  class space    used 11148K, capacity 11619K, committed 11724K, reserved 516096K
}
Event: 53.482 GC heap before
{Heap before GC invocations=37 (full 0):
 garbage-first heap   total 167936K, used 101474K [0x0000000080000000, 0x0000000100000000)
  region size 1024K, 20 young (20480K), 6 survivors (6144K)
 Metaspace       used 83317K, capacity 84735K, committed 85044K, reserved 589824K
  class space    used 11185K, capacity 11655K, committed 11724K, reserved 516096K
}
Event: 53.498 GC heap after
{Heap after GC invocations=38 (full 0):
 garbage-first heap   total 167936K, used 91454K [0x0000000080000000, 0x0000000100000000)
  region size 1024K, 3 young (3072K), 3 survivors (3072K)
 Metaspace       used 83317K, capacity 84735K, committed 85044K, reserved 589824K
  class space    used 11185K, capacity 11655K, committed 11724K, reserved 516096K
}
Event: 54.627 GC heap before
{Heap before GC invocations=39 (full 0):
 garbage-first heap   total 184320K, used 141630K [0x0000000080000000, 0x0000000100000000)
  region size 1024K, 42 young (43008K), 3 survivors (3072K)
 Metaspace       used 85764K, capacity 87275K, committed 87476K, reserved 591872K
  class space    used 11515K, capacity 12033K, committed 12108K, reserved 516096K
}
Event: 54.639 GC heap after
{Heap after GC invocations=40 (full 0):
 garbage-first heap   total 184320K, used 109288K [0x0000000080000000, 0x0000000100000000)
  region size 1024K, 6 young (6144K), 6 survivors (6144K)
 Metaspace       used 85764K, capacity 87275K, committed 87476K, reserved 591872K
  class space    used 11515K, capacity 12033K, committed 12108K, reserved 516096K
}
Event: 55.353 GC heap before
{Heap before GC invocations=40 (full 0):
 garbage-first heap   total 184320K, used 133864K [0x0000000080000000, 0x0000000100000000)
  region size 1024K, 32 young (32768K), 6 survivors (6144K)
 Metaspace       used 87208K, capacity 88862K, committed 89012K, reserved 593920K
  class space    used 11743K, capacity 12322K, committed 12364K, reserved 516096K
}
Event: 55.371 GC heap after
{Heap after GC invocations=41 (full 0):
 garbage-first heap   total 184320K, used 113540K [0x0000000080000000, 0x0000000100000000)
  region size 1024K, 4 young (4096K), 4 survivors (4096K)
 Metaspace       used 87208K, capacity 88862K, committed 89012K, reserved 593920K
  class space    used 11743K, capacity 12322K, committed 12364K, reserved 516096K
}
Event: 58.218 GC heap before
{Heap before GC invocations=42 (full 0):
 garbage-first heap   total 208896K, used 152452K [0x0000000080000000, 0x0000000100000000)
  region size 1024K, 37 young (37888K), 4 survivors (4096K)
 Metaspace       used 87945K, capacity 89850K, committed 89908K, reserved 593920K
  class space    used 11820K, capacity 12475K, committed 12492K, reserved 516096K
}
Event: 58.241 GC heap after
{Heap after GC invocations=43 (full 0):
 garbage-first heap   total 208896K, used 128523K [0x0000000080000000, 0x0000000100000000)
  region size 1024K, 5 young (5120K), 5 survivors (5120K)
 Metaspace       used 87945K, capacity 89850K, committed 89908K, reserved 593920K
  class space    used 11820K, capacity 12475K, committed 12492K, reserved 516096K
}
Event: 58.837 GC heap before
{Heap before GC invocations=43 (full 0):
 garbage-first heap   total 208896K, used 142859K [0x0000000080000000, 0x0000000100000000)
  region size 1024K, 21 young (21504K), 5 survivors (5120K)
 Metaspace       used 88037K, capacity 89992K, committed 90164K, reserved 593920K
  class space    used 11826K, capacity 12487K, committed 12492K, reserved 516096K
}
Event: 58.855 GC heap after
{Heap after GC invocations=44 (full 0):
 garbage-first heap   total 208896K, used 131881K [0x0000000080000000, 0x0000000100000000)
  region size 1024K, 4 young (4096K), 4 survivors (4096K)
 Metaspace       used 88037K, capacity 89992K, committed 90164K, reserved 593920K
  class space    used 11826K, capacity 12487K, committed 12492K, reserved 516096K
}

