# JRE version: OpenJDK Runtime Environment (15.0.2+10) (build 15.0.2+10)
# Java VM: OpenJDK 64-Bit Server VM (15.0.2+10, mixed mode, sharing, tiered, compressed oops, g1 gc, windows-amd64)
GC Precious Log:
 CPUs: 4 total, 4 available
 Memory: 8066M
 Large Page Support: Disabled
 NUMA Support: Disabled
 Compressed Oops: Enabled (32-bit)
 Heap Region Size: 1M
 Heap Min Capacity: 8M
 Heap Initial Capacity: 128M
 Heap Max Capacity: 2018M
 Pre-touch: Disabled
 Parallel Workers: 4
 Concurrent Workers: 1
 Concurrent Refinement Workers: 4
 Periodic GC: Disabled
Heap:
 garbage-first heap   total 98304K, used 38073K [0x0000000081e00000, 0x0000000100000000)
  region size 1024K, 4 young (4096K), 4 survivors (4096K)
 Metaspace       used 48095K, capacity 48653K, committed 48796K, reserved 1091584K
  class space    used 5694K, capacity 5803K, committed 5868K, reserved 1048576K
GC Heap History (17 events):
Event: 0.499 GC heap before
{Heap before GC invocations=0 (full 0):
 garbage-first heap   total 131072K, used 17408K [0x0000000081e00000, 0x0000000100000000)
  region size 1024K, 13 young (13312K), 0 survivors (0K)
 Metaspace       used 3910K, capacity 7727K, committed 7936K, reserved 1056768K
  class space    used 313K, capacity 681K, committed 768K, reserved 1048576K
}
Event: 0.504 GC heap after
{Heap after GC invocations=1 (full 0):
 garbage-first heap   total 131072K, used 6399K [0x0000000081e00000, 0x0000000100000000)
  region size 1024K, 2 young (2048K), 2 survivors (2048K)
 Metaspace       used 3910K, capacity 7727K, committed 7936K, reserved 1056768K
  class space    used 313K, capacity 681K, committed 768K, reserved 1048576K
}
Event: 0.939 GC heap before
{Heap before GC invocations=1 (full 0):
 garbage-first heap   total 131072K, used 21759K [0x0000000081e00000, 0x0000000100000000)
  region size 1024K, 18 young (18432K), 2 survivors (2048K)
 Metaspace       used 7684K, capacity 10876K, committed 11136K, reserved 1058816K
  class space    used 763K, capacity 1068K, committed 1152K, reserved 1048576K
}
Event: 0.947 GC heap after
{Heap after GC invocations=2 (full 0):
 garbage-first heap   total 131072K, used 8301K [0x0000000081e00000, 0x0000000100000000)
  region size 1024K, 2 young (2048K), 2 survivors (2048K)
 Metaspace       used 7684K, capacity 10876K, committed 11136K, reserved 1058816K
  class space    used 763K, capacity 1068K, committed 1152K, reserved 1048576K
}
Event: 2.593 GC heap before
{Heap before GC invocations=2 (full 0):
 garbage-first heap   total 131072K, used 64621K [0x0000000081e00000, 0x0000000100000000)
  region size 1024K, 54 young (55296K), 2 survivors (2048K)
 Metaspace       used 20002K, capacity 21138K, committed 21296K, reserved 1069056K
  class space    used 2242K, capacity 2371K, committed 2432K, reserved 1048576K
}
Event: 2.607 GC heap after
{Heap after GC invocations=3 (full 0):
 garbage-first heap   total 131072K, used 17010K [0x0000000081e00000, 0x0000000100000000)
  region size 1024K, 7 young (7168K), 7 survivors (7168K)
 Metaspace       used 20002K, capacity 21138K, committed 21296K, reserved 1069056K
  class space    used 2242K, capacity 2371K, committed 2432K, reserved 1048576K
}
Event: 4.049 GC heap before
{Heap before GC invocations=4 (full 0):
 garbage-first heap   total 65536K, used 50802K [0x0000000081e00000, 0x0000000100000000)
  region size 1024K, 38 young (38912K), 7 survivors (7168K)
 Metaspace       used 26258K, capacity 27262K, committed 27440K, reserved 1073152K
  class space    used 3482K, capacity 3623K, committed 3712K, reserved 1048576K
}
Event: 4.092 GC heap after
{Heap after GC invocations=5 (full 0):
 garbage-first heap   total 65536K, used 23920K [0x0000000081e00000, 0x0000000100000000)
  region size 1024K, 5 young (5120K), 5 survivors (5120K)
 Metaspace       used 26258K, capacity 27262K, committed 27440K, reserved 1073152K
  class space    used 3482K, capacity 3623K, committed 3712K, reserved 1048576K
}
Event: 4.879 GC heap before
{Heap before GC invocations=5 (full 0):
 garbage-first heap   total 65536K, used 46448K [0x0000000081e00000, 0x0000000100000000)
  region size 1024K, 27 young (27648K), 5 survivors (5120K)
 Metaspace       used 29979K, capacity 30791K, committed 31152K, reserved 1077248K
  class space    used 3892K, capacity 4009K, committed 4096K, reserved 1048576K
}
Event: 4.902 GC heap after
{Heap after GC invocations=6 (full 0):
 garbage-first heap   total 81920K, used 25126K [0x0000000081e00000, 0x0000000100000000)
  region size 1024K, 4 young (4096K), 4 survivors (4096K)
 Metaspace       used 29979K, capacity 30791K, committed 31152K, reserved 1077248K
  class space    used 3892K, capacity 4009K, committed 4096K, reserved 1048576K
}
Event: 5.766 GC heap before
{Heap before GC invocations=6 (full 0):
 garbage-first heap   total 81920K, used 49702K [0x0000000081e00000, 0x0000000100000000)
  region size 1024K, 29 young (29696K), 4 survivors (4096K)
 Metaspace       used 35051K, capacity 35791K, committed 35888K, reserved 1081344K
  class space    used 4335K, capacity 4458K, committed 4480K, reserved 1048576K
}
Event: 5.778 GC heap after
{Heap after GC invocations=7 (full 0):
 garbage-first heap   total 81920K, used 27151K [0x0000000081e00000, 0x0000000100000000)
  region size 1024K, 3 young (3072K), 3 survivors (3072K)
 Metaspace       used 35051K, capacity 35791K, committed 35888K, reserved 1081344K
  class space    used 4335K, capacity 4458K, committed 4480K, reserved 1048576K
}
Event: 7.134 GC heap before
{Heap before GC invocations=8 (full 0):
 garbage-first heap   total 81920K, used 65039K [0x0000000081e00000, 0x0000000100000000)
  region size 1024K, 37 young (37888K), 3 survivors (3072K)
 Metaspace       used 43013K, capacity 43685K, committed 43932K, reserved 1087488K
  class space    used 5179K, capacity 5306K, committed 5356K, reserved 1048576K
}
Event: 7.151 GC heap after
{Heap after GC invocations=9 (full 0):
 garbage-first heap   total 81920K, used 32269K [0x0000000081e00000, 0x0000000100000000)
  region size 1024K, 5 young (5120K), 5 survivors (5120K)
 Metaspace       used 43013K, capacity 43685K, committed 43932K, reserved 1087488K
  class space    used 5179K, capacity 5306K, committed 5356K, reserved 1048576K
}
Event: 7.495 GC heap before
{Heap before GC invocations=10 (full 0):
 garbage-first heap   total 81920K, used 62989K [0x0000000081e00000, 0x0000000100000000)
  region size 1024K, 35 young (35840K), 5 survivors (5120K)
 Metaspace       used 43377K, capacity 44005K, committed 44188K, reserved 1087488K
  class space    used 5193K, capacity 5306K, committed 5356K, reserved 1048576K
}
Event: 7.510 GC heap after
{Heap after GC invocations=11 (full 0):
 garbage-first heap   total 81920K, used 34376K [0x0000000081e00000, 0x0000000100000000)
  region size 1024K, 2 young (2048K), 2 survivors (2048K)
 Metaspace       used 43377K, capacity 44005K, committed 44188K, reserved 1087488K
  class space    used 5193K, capacity 5306K, committed 5356K, reserved 1048576K
}
Event: 8.906 GC heap before
{Heap before GC invocations=11 (full 0):
 garbage-first heap   total 81920K, used 64072K [0x0000000081e00000, 0x0000000100000000)
  region size 1024K, 31 young (31744K), 2 survivors (2048K)
 Metaspace       used 48095K, capacity 48653K, committed 48796K, reserved 1091584K
  class space    used 5694K, capacity 5803K, committed 5868K, reserved 1048576K
}

