# JRE version: OpenJDK Runtime Environment (15.0.2+10) (build 15.0.2+10)
# Java VM: OpenJDK 64-Bit Server VM (15.0.2+10, mixed mode, sharing, tiered, compressed oops, g1 gc, windows-amd64)
GC Precious Log:
 CPUs: 4 total, 4 available
 Memory: 8066M
 Large Page Support: Disabled
 NUMA Support: Disabled
 Compressed Oops: Enabled (32-bit)
 Heap Region Size: 1M
 Heap Min Capacity: 8M
 Heap Initial Capacity: 128M
 Heap Max Capacity: 2G
 Pre-touch: Disabled
 Parallel Workers: 4
 Concurrent Workers: 1
 Concurrent Refinement Workers: 4
 Periodic GC: Disabled
Heap:
 garbage-first heap   total 324608K, used 242882K [0x0000000080000000, 0x0000000100000000)
  region size 1024K, 54 young (55296K), 8 survivors (8192K)
 Metaspace       used 99672K, capacity 102679K, committed 102888K, reserved 608256K
  class space    used 13381K, capacity 14436K, committed 14464K, reserved 516096K
GC Heap History (20 events):
Event: 48.417 GC heap before
{Heap before GC invocations=40 (full 0):
 garbage-first heap   total 215040K, used 167037K [0x0000000080000000, 0x0000000100000000)
  region size 1024K, 54 young (55296K), 1 survivors (1024K)
 Metaspace       used 87253K, capacity 88876K, committed 88936K, reserved 593920K
  class space    used 11736K, capacity 12284K, committed 12288K, reserved 516096K
}
Event: 48.431 GC heap after
{Heap after GC invocations=41 (full 0):
 garbage-first heap   total 215040K, used 117837K [0x0000000080000000, 0x0000000100000000)
  region size 1024K, 7 young (7168K), 7 survivors (7168K)
 Metaspace       used 87253K, capacity 88876K, committed 88936K, reserved 593920K
  class space    used 11736K, capacity 12284K, committed 12288K, reserved 516096K
}
Event: 48.526 GC heap before
{Heap before GC invocations=41 (full 0):
 garbage-first heap   total 215040K, used 125005K [0x0000000080000000, 0x0000000100000000)
  region size 1024K, 15 young (15360K), 7 survivors (7168K)
 Metaspace       used 87280K, capacity 88892K, committed 88936K, reserved 593920K
  class space    used 11739K, capacity 12288K, committed 12288K, reserved 516096K
}
Event: 48.543 GC heap after
{Heap after GC invocations=42 (full 0):
 garbage-first heap   total 215040K, used 119562K [0x0000000080000000, 0x0000000100000000)
  region size 1024K, 2 young (2048K), 2 survivors (2048K)
 Metaspace       used 87280K, capacity 88892K, committed 88936K, reserved 593920K
  class space    used 11739K, capacity 12288K, committed 12288K, reserved 516096K
}
Event: 50.184 GC heap before
{Heap before GC invocations=43 (full 0):
 garbage-first heap   total 222208K, used 184074K [0x0000000080000000, 0x0000000100000000)
  region size 1024K, 54 young (55296K), 2 survivors (2048K)
 Metaspace       used 88063K, capacity 89988K, committed 90216K, reserved 593920K
  class space    used 11823K, capacity 12485K, committed 12544K, reserved 516096K
}
Event: 50.205 GC heap after
{Heap after GC invocations=44 (full 0):
 garbage-first heap   total 222208K, used 145322K [0x0000000080000000, 0x0000000100000000)
  region size 1024K, 7 young (7168K), 7 survivors (7168K)
 Metaspace       used 88063K, capacity 89988K, committed 90216K, reserved 593920K
  class space    used 11823K, capacity 12485K, committed 12544K, reserved 516096K
}
Event: 50.250 GC heap before
{Heap before GC invocations=44 (full 0):
 garbage-first heap   total 222208K, used 147370K [0x0000000080000000, 0x0000000100000000)
  region size 1024K, 10 young (10240K), 7 survivors (7168K)
 Metaspace       used 88063K, capacity 89988K, committed 90216K, reserved 593920K
  class space    used 11823K, capacity 12485K, committed 12544K, reserved 516096K
}
Event: 50.303 GC heap after
{Heap after GC invocations=45 (full 0):
 garbage-first heap   total 222208K, used 137558K [0x0000000080000000, 0x0000000100000000)
  region size 1024K, 2 young (2048K), 2 survivors (2048K)
 Metaspace       used 88063K, capacity 89988K, committed 90216K, reserved 593920K
  class space    used 11823K, capacity 12485K, committed 12544K, reserved 516096K
}
Event: 51.694 GC heap before
{Heap before GC invocations=45 (full 0):
 garbage-first heap   total 222208K, used 179542K [0x0000000080000000, 0x0000000100000000)
  region size 1024K, 43 young (44032K), 2 survivors (2048K)
 Metaspace       used 90604K, capacity 92884K, committed 92904K, reserved 598016K
  class space    used 12165K, capacity 12923K, committed 12928K, reserved 516096K
}
Event: 51.716 GC heap after
{Heap after GC invocations=46 (full 0):
 garbage-first heap   total 222208K, used 145920K [0x0000000080000000, 0x0000000100000000)
  region size 1024K, 6 young (6144K), 6 survivors (6144K)
 Metaspace       used 90604K, capacity 92884K, committed 92904K, reserved 598016K
  class space    used 12165K, capacity 12923K, committed 12928K, reserved 516096K
}
Event: 52.829 GC heap before
{Heap before GC invocations=47 (full 0):
 garbage-first heap   total 265216K, used 180736K [0x0000000080000000, 0x0000000100000000)
  region size 1024K, 37 young (37888K), 6 survivors (6144K)
 Metaspace       used 90858K, capacity 93226K, committed 93288K, reserved 598016K
  class space    used 12191K, capacity 13009K, committed 13056K, reserved 516096K
}
Event: 52.854 GC heap after
{Heap after GC invocations=48 (full 0):
 garbage-first heap   total 265216K, used 158720K [0x0000000080000000, 0x0000000100000000)
  region size 1024K, 5 young (5120K), 5 survivors (5120K)
 Metaspace       used 90858K, capacity 93226K, committed 93288K, reserved 598016K
  class space    used 12191K, capacity 13009K, committed 13056K, reserved 516096K
}
Event: 52.981 GC heap before
{Heap before GC invocations=48 (full 0):
 garbage-first heap   total 265216K, used 164864K [0x0000000080000000, 0x0000000100000000)
  region size 1024K, 12 young (12288K), 5 survivors (5120K)
 Metaspace       used 90886K, capacity 93236K, committed 93288K, reserved 598016K
  class space    used 12192K, capacity 13011K, committed 13056K, reserved 516096K
}
Event: 52.992 GC heap after
{Heap after GC invocations=49 (full 0):
 garbage-first heap   total 265216K, used 161261K [0x0000000080000000, 0x0000000100000000)
  region size 1024K, 2 young (2048K), 2 survivors (2048K)
 Metaspace       used 90886K, capacity 93236K, committed 93288K, reserved 598016K
  class space    used 12192K, capacity 13011K, committed 13056K, reserved 516096K
}
Event: 54.418 GC heap before
{Heap before GC invocations=50 (full 0):
 garbage-first heap   total 304128K, used 215533K [0x0000000080000000, 0x0000000100000000)
  region size 1024K, 51 young (52224K), 2 survivors (2048K)
 Metaspace       used 93062K, capacity 95588K, committed 95720K, reserved 600064K
  class space    used 12473K, capacity 13368K, committed 13440K, reserved 516096K
}
Event: 54.433 GC heap after
{Heap after GC invocations=51 (full 0):
 garbage-first heap   total 304128K, used 173269K [0x0000000080000000, 0x0000000100000000)
  region size 1024K, 7 young (7168K), 7 survivors (7168K)
 Metaspace       used 93062K, capacity 95588K, committed 95720K, reserved 600064K
  class space    used 12473K, capacity 13368K, committed 13440K, reserved 516096K
}
Event: 54.512 GC heap before
{Heap before GC invocations=51 (full 0):
 garbage-first heap   total 304128K, used 176341K [0x0000000080000000, 0x0000000100000000)
  region size 1024K, 11 young (11264K), 7 survivors (7168K)
 Metaspace       used 93080K, capacity 95598K, committed 95720K, reserved 600064K
  class space    used 12474K, capacity 13370K, committed 13440K, reserved 516096K
}
Event: 54.526 GC heap after
{Heap after GC invocations=52 (full 0):
 garbage-first heap   total 304128K, used 175973K [0x0000000080000000, 0x0000000100000000)
  region size 1024K, 3 young (3072K), 3 survivors (3072K)
 Metaspace       used 93080K, capacity 95598K, committed 95720K, reserved 600064K
  class space    used 12474K, capacity 13370K, committed 13440K, reserved 516096K
}
Event: 57.045 GC heap before
{Heap before GC invocations=53 (full 0):
 garbage-first heap   total 324608K, used 241509K [0x0000000080000000, 0x0000000100000000)
  region size 1024K, 61 young (62464K), 3 survivors (3072K)
 Metaspace       used 96462K, capacity 99457K, committed 99560K, reserved 602112K
  class space    used 12917K, capacity 13933K, committed 13952K, reserved 516096K
}
Event: 57.069 GC heap after
{Heap after GC invocations=54 (full 0):
 garbage-first heap   total 324608K, used 196802K [0x0000000080000000, 0x0000000100000000)
  region size 1024K, 8 young (8192K), 8 survivors (8192K)
 Metaspace       used 96462K, capacity 99457K, committed 99560K, reserved 602112K
  class space    used 12917K, capacity 13933K, committed 13952K, reserved 516096K
}

