# JRE version: OpenJDK Runtime Environment (15.0.2+10) (build 15.0.2+10)
# Java VM: OpenJDK 64-Bit Server VM (15.0.2+10, mixed mode, sharing, tiered, compressed oops, g1 gc, windows-amd64)
GC Precious Log:
 CPUs: 4 total, 4 available
 Memory: 8066M
 Large Page Support: Disabled
 NUMA Support: Disabled
 Compressed Oops: Enabled (32-bit)
 Heap Region Size: 1M
 Heap Min Capacity: 8M
 Heap Initial Capacity: 128M
 Heap Max Capacity: 2G
 Pre-touch: Disabled
 Parallel Workers: 4
 Concurrent Workers: 1
 Concurrent Refinement Workers: 4
 Periodic GC: Disabled
Heap:
 garbage-first heap   total 239616K, used 140908K [0x0000000080000000, 0x0000000100000000)
  region size 1024K, 11 young (11264K), 3 survivors (3072K)
 Metaspace       used 88165K, capacity 90111K, committed 90288K, reserved 593920K
  class space    used 11826K, capacity 12487K, committed 12544K, reserved 516096K
GC Heap History (20 events):
Event: 63.514 GC heap before
{Heap before GC invocations=36 (full 0):
 garbage-first heap   total 168960K, used 102635K [0x0000000080000000, 0x0000000100000000)
  region size 1024K, 27 young (27648K), 5 survivors (5120K)
 Metaspace       used 74611K, capacity 75731K, committed 75952K, reserved 583680K
  class space    used 9793K, capacity 10208K, committed 10240K, reserved 516096K
}
Event: 63.522 GC heap after
{Heap after GC invocations=37 (full 0):
 garbage-first heap   total 168960K, used 82622K [0x0000000080000000, 0x0000000100000000)
  region size 1024K, 2 young (2048K), 2 survivors (2048K)
 Metaspace       used 74611K, capacity 75731K, committed 75952K, reserved 583680K
  class space    used 9793K, capacity 10208K, committed 10240K, reserved 516096K
}
Event: 80.987 GC heap before
{Heap before GC invocations=38 (full 0):
 garbage-first heap   total 168960K, used 133822K [0x0000000080000000, 0x0000000100000000)
  region size 1024K, 51 young (52224K), 2 survivors (2048K)
 Metaspace       used 76160K, capacity 77394K, committed 77488K, reserved 583680K
  class space    used 10030K, capacity 10459K, committed 10496K, reserved 516096K
}
Event: 80.998 GC heap after
{Heap after GC invocations=39 (full 0):
 garbage-first heap   total 168960K, used 86288K [0x0000000080000000, 0x0000000100000000)
  region size 1024K, 6 young (6144K), 6 survivors (6144K)
 Metaspace       used 76160K, capacity 77394K, committed 77488K, reserved 583680K
  class space    used 10030K, capacity 10459K, committed 10496K, reserved 516096K
}
Event: 82.531 GC heap before
{Heap before GC invocations=39 (full 0):
 garbage-first heap   total 168960K, used 134416K [0x0000000080000000, 0x0000000100000000)
  region size 1024K, 53 young (54272K), 6 survivors (6144K)
 Metaspace       used 81477K, capacity 82596K, committed 82736K, reserved 587776K
  class space    used 10929K, capacity 11333K, committed 11392K, reserved 516096K
}
Event: 82.548 GC heap after
{Heap after GC invocations=40 (full 0):
 garbage-first heap   total 168960K, used 90048K [0x0000000080000000, 0x0000000100000000)
  region size 1024K, 4 young (4096K), 4 survivors (4096K)
 Metaspace       used 81477K, capacity 82596K, committed 82736K, reserved 587776K
  class space    used 10929K, capacity 11333K, committed 11392K, reserved 516096K
}
Event: 84.299 GC heap before
{Heap before GC invocations=41 (full 0):
 garbage-first heap   total 168960K, used 136128K [0x0000000080000000, 0x0000000100000000)
  region size 1024K, 49 young (50176K), 4 survivors (4096K)
 Metaspace       used 83202K, capacity 84542K, committed 84784K, reserved 589824K
  class space    used 11147K, capacity 11619K, committed 11648K, reserved 516096K
}
Event: 84.317 GC heap after
{Heap after GC invocations=42 (full 0):
 garbage-first heap   total 168960K, used 95392K [0x0000000080000000, 0x0000000100000000)
  region size 1024K, 7 young (7168K), 7 survivors (7168K)
 Metaspace       used 83202K, capacity 84542K, committed 84784K, reserved 589824K
  class space    used 11147K, capacity 11619K, committed 11648K, reserved 516096K
}
Event: 84.489 GC heap before
{Heap before GC invocations=42 (full 0):
 garbage-first heap   total 168960K, used 101536K [0x0000000080000000, 0x0000000100000000)
  region size 1024K, 14 young (14336K), 7 survivors (7168K)
 Metaspace       used 83514K, capacity 84859K, committed 85168K, reserved 589824K
  class space    used 11185K, capacity 11656K, committed 11776K, reserved 516096K
}
Event: 84.510 GC heap after
{Heap after GC invocations=43 (full 0):
 garbage-first heap   total 168960K, used 96636K [0x0000000080000000, 0x0000000100000000)
  region size 1024K, 2 young (2048K), 2 survivors (2048K)
 Metaspace       used 83514K, capacity 84859K, committed 85168K, reserved 589824K
  class space    used 11185K, capacity 11656K, committed 11776K, reserved 516096K
}
Event: 85.523 GC heap before
{Heap before GC invocations=44 (full 0):
 garbage-first heap   total 184320K, used 145788K [0x0000000080000000, 0x0000000100000000)
  region size 1024K, 40 young (40960K), 2 survivors (2048K)
 Metaspace       used 85792K, capacity 87240K, committed 87472K, reserved 591872K
  class space    used 11484K, capacity 12001K, committed 12032K, reserved 516096K
}
Event: 85.534 GC heap after
{Heap after GC invocations=45 (full 0):
 garbage-first heap   total 184320K, used 114194K [0x0000000080000000, 0x0000000100000000)
  region size 1024K, 5 young (5120K), 5 survivors (5120K)
 Metaspace       used 85792K, capacity 87240K, committed 87472K, reserved 591872K
  class space    used 11484K, capacity 12001K, committed 12032K, reserved 516096K
}
Event: 85.732 GC heap before
{Heap before GC invocations=45 (full 0):
 garbage-first heap   total 184320K, used 118290K [0x0000000080000000, 0x0000000100000000)
  region size 1024K, 9 young (9216K), 5 survivors (5120K)
 Metaspace       used 86255K, capacity 87752K, committed 87856K, reserved 591872K
  class space    used 11593K, capacity 12129K, committed 12160K, reserved 516096K
}
Event: 85.780 GC heap after
{Heap after GC invocations=46 (full 0):
 garbage-first heap   total 184320K, used 107343K [0x0000000080000000, 0x0000000100000000)
  region size 1024K, 1 young (1024K), 1 survivors (1024K)
 Metaspace       used 86255K, capacity 87752K, committed 87856K, reserved 591872K
  class space    used 11593K, capacity 12129K, committed 12160K, reserved 516096K
}
Event: 86.565 GC heap before
{Heap before GC invocations=46 (full 0):
 garbage-first heap   total 184320K, used 129871K [0x0000000080000000, 0x0000000100000000)
  region size 1024K, 24 young (24576K), 1 survivors (1024K)
 Metaspace       used 87374K, capacity 89051K, committed 89392K, reserved 593920K
  class space    used 11743K, capacity 12322K, committed 12416K, reserved 516096K
}
Event: 86.577 GC heap after
{Heap after GC invocations=47 (full 0):
 garbage-first heap   total 184320K, used 110035K [0x0000000080000000, 0x0000000100000000)
  region size 1024K, 4 young (4096K), 4 survivors (4096K)
 Metaspace       used 87374K, capacity 89051K, committed 89392K, reserved 593920K
  class space    used 11743K, capacity 12322K, committed 12416K, reserved 516096K
}
Event: 88.355 GC heap before
{Heap before GC invocations=48 (full 0):
 garbage-first heap   total 211968K, used 153043K [0x0000000080000000, 0x0000000100000000)
  region size 1024K, 40 young (40960K), 4 survivors (4096K)
 Metaspace       used 88090K, capacity 89969K, committed 90288K, reserved 593920K
  class space    used 11820K, capacity 12475K, committed 12544K, reserved 516096K
}
Event: 88.380 GC heap after
{Heap after GC invocations=49 (full 0):
 garbage-first heap   total 211968K, used 125263K [0x0000000080000000, 0x0000000100000000)
  region size 1024K, 5 young (5120K), 5 survivors (5120K)
 Metaspace       used 88090K, capacity 89969K, committed 90288K, reserved 593920K
  class space    used 11820K, capacity 12475K, committed 12544K, reserved 516096K
}
Event: 88.902 GC heap before
{Heap before GC invocations=49 (full 0):
 garbage-first heap   total 211968K, used 136527K [0x0000000080000000, 0x0000000100000000)
  region size 1024K, 18 young (18432K), 5 survivors (5120K)
 Metaspace       used 88165K, capacity 90111K, committed 90288K, reserved 593920K
  class space    used 11826K, capacity 12487K, committed 12544K, reserved 516096K
}
Event: 88.918 GC heap after
{Heap after GC invocations=50 (full 0):
 garbage-first heap   total 211968K, used 128620K [0x0000000080000000, 0x0000000100000000)
  region size 1024K, 3 young (3072K), 3 survivors (3072K)
 Metaspace       used 88165K, capacity 90111K, committed 90288K, reserved 593920K
  class space    used 11826K, capacity 12487K, committed 12544K, reserved 516096K
}

